<?xml version="1.0" encoding="UTF-8"?>
<testsuite xmlns:xsi="http://www.w3.org/2001/XMLSchema-instance" xsi:noNamespaceSchemaLocation="https://maven.apache.org/surefire/maven-surefire-plugin/xsd/surefire-test-report.xsd" name="com.walmart.mx.dws.controllers.DwsControllerTest" time="1.387" tests="3" errors="0" skipped="0" failures="0">
  <properties>
[...]
</properties>
  <testcase name="integrateDwsDataTest" classname="com.walmart.mx.dws.controllers.DwsControllerTest" time="1.334"/>
  <testcase name="postListTest" classname="com.walmart.mx.dws.controllers.DwsControllerTest" time="0.002"/>
  <testcase name="postTest" classname="com.walmart.mx.dws.controllers.DwsControllerTest" time="0.003"/>
</testsuite>